# JRE version: OpenJDK Runtime Environment (21.0.8) (build 21.0.8+-14196175-b1038.72)
# Java VM: OpenJDK 64-Bit Server VM (21.0.8+-14196175-b1038.72, mixed mode, tiered, compressed oops, compressed class ptrs, g1 gc, windows-amd64)
GC Precious Log:
 CardTable entry size: 512
 Card Set container configuration: InlinePtr #cards 5 size 8 Array Of Cards #cards 12 size 40 Howl #buckets 4 coarsen threshold 1843 Howl Bitmap #cards 512 size 80 coarsen threshold 460 Card regions per heap region 1 cards per card region 2048
 CPUs: 20 total, 20 available
 Memory: 32581M
 Large Page Support: Disabled
 NUMA Support: Disabled
 Compressed Oops: Enabled (32-bit)
 Heap Region Size: 1M
 Heap Min Capacity: 8M
 Heap Initial Capacity: 510M
 Heap Max Capacity: 2G
 Pre-touch: Disabled
 Parallel Workers: 15
 Concurrent Workers: 4
 Concurrent Refinement Workers: 15
 Periodic GC: Disabled
Heap:
 garbage-first heap   total 83968K, used 52866K [0x0000000080000000, 0x0000000100000000)
  region size 1024K, 5 young (5120K), 2 survivors (2048K)
 Metaspace       used 69036K, committed 70720K, reserved 1114112K
  class space    used 9727K, committed 10560K, reserved 1048576K
GC Heap History (20 events):
Event: 3.985 GC heap before
{Heap before GC invocations=7 (full 0):
 garbage-first heap   total 79872K, used 38959K [0x0000000080000000, 0x0000000100000000)
  region size 1024K, 21 young (21504K), 6 survivors (6144K)
 Metaspace       used 35306K, committed 36096K, reserved 1114112K
  class space    used 4905K, committed 5312K, reserved 1048576K
}
Event: 3.988 GC heap after
{Heap after GC invocations=8 (full 0):
 garbage-first heap   total 79872K, used 25384K [0x0000000080000000, 0x0000000100000000)
  region size 1024K, 4 young (4096K), 4 survivors (4096K)
 Metaspace       used 35306K, committed 36096K, reserved 1114112K
  class space    used 4905K, committed 5312K, reserved 1048576K
}
Event: 4.499 GC heap before
{Heap before GC invocations=9 (full 0):
 garbage-first heap   total 79872K, used 65320K [0x0000000080000000, 0x0000000100000000)
  region size 1024K, 44 young (45056K), 4 survivors (4096K)
 Metaspace       used 43960K, committed 44800K, reserved 1114112K
  class space    used 6002K, committed 6400K, reserved 1048576K
}
Event: 4.502 GC heap after
{Heap after GC invocations=10 (full 0):
 garbage-first heap   total 79872K, used 29323K [0x0000000080000000, 0x0000000100000000)
  region size 1024K, 6 young (6144K), 6 survivors (6144K)
 Metaspace       used 43960K, committed 44800K, reserved 1114112K
  class space    used 6002K, committed 6400K, reserved 1048576K
}
Event: 4.763 GC heap before
{Heap before GC invocations=10 (full 0):
 garbage-first heap   total 79872K, used 71307K [0x0000000080000000, 0x0000000100000000)
  region size 1024K, 43 young (44032K), 6 survivors (6144K)
 Metaspace       used 46711K, committed 47616K, reserved 1114112K
  class space    used 6292K, committed 6720K, reserved 1048576K
}
Event: 4.765 GC heap after
{Heap after GC invocations=11 (full 0):
 garbage-first heap   total 83968K, used 33424K [0x0000000080000000, 0x0000000100000000)
  region size 1024K, 4 young (4096K), 4 survivors (4096K)
 Metaspace       used 46711K, committed 47616K, reserved 1114112K
  class space    used 6292K, committed 6720K, reserved 1048576K
}
Event: 5.078 GC heap before
{Heap before GC invocations=11 (full 0):
 garbage-first heap   total 83968K, used 71312K [0x0000000080000000, 0x0000000100000000)
  region size 1024K, 41 young (41984K), 4 survivors (4096K)
 Metaspace       used 51326K, committed 52672K, reserved 1114112K
  class space    used 7077K, committed 7744K, reserved 1048576K
}
Event: 5.080 GC heap after
{Heap after GC invocations=12 (full 0):
 garbage-first heap   total 83968K, used 35765K [0x0000000080000000, 0x0000000100000000)
  region size 1024K, 3 young (3072K), 3 survivors (3072K)
 Metaspace       used 51326K, committed 52672K, reserved 1114112K
  class space    used 7077K, committed 7744K, reserved 1048576K
}
Event: 5.921 GC heap before
{Heap before GC invocations=12 (full 0):
 garbage-first heap   total 83968K, used 72629K [0x0000000080000000, 0x0000000100000000)
  region size 1024K, 39 young (39936K), 3 survivors (3072K)
 Metaspace       used 55587K, committed 56960K, reserved 1114112K
  class space    used 7791K, committed 8448K, reserved 1048576K
}
Event: 5.923 GC heap after
{Heap after GC invocations=13 (full 0):
 garbage-first heap   total 83968K, used 39292K [0x0000000080000000, 0x0000000100000000)
  region size 1024K, 5 young (5120K), 5 survivors (5120K)
 Metaspace       used 55587K, committed 56960K, reserved 1114112K
  class space    used 7791K, committed 8448K, reserved 1048576K
}
Event: 6.558 GC heap before
{Heap before GC invocations=13 (full 0):
 garbage-first heap   total 83968K, used 59772K [0x0000000080000000, 0x0000000100000000)
  region size 1024K, 24 young (24576K), 5 survivors (5120K)
 Metaspace       used 56952K, committed 58368K, reserved 1114112K
  class space    used 7984K, committed 8640K, reserved 1048576K
}
Event: 6.560 GC heap after
{Heap after GC invocations=14 (full 0):
 garbage-first heap   total 83968K, used 46152K [0x0000000080000000, 0x0000000100000000)
  region size 1024K, 5 young (5120K), 5 survivors (5120K)
 Metaspace       used 56952K, committed 58368K, reserved 1114112K
  class space    used 7984K, committed 8640K, reserved 1048576K
}
Event: 6.733 GC heap before
{Heap before GC invocations=15 (full 0):
 garbage-first heap   total 83968K, used 73800K [0x0000000080000000, 0x0000000100000000)
  region size 1024K, 31 young (31744K), 5 survivors (5120K)
 Metaspace       used 57968K, committed 59392K, reserved 1114112K
  class space    used 8035K, committed 8704K, reserved 1048576K
}
Event: 6.735 GC heap after
{Heap after GC invocations=16 (full 0):
 garbage-first heap   total 83968K, used 45847K [0x0000000080000000, 0x0000000100000000)
  region size 1024K, 1 young (1024K), 1 survivors (1024K)
 Metaspace       used 57968K, committed 59392K, reserved 1114112K
  class space    used 8035K, committed 8704K, reserved 1048576K
}
Event: 7.449 GC heap before
{Heap before GC invocations=16 (full 0):
 garbage-first heap   total 83968K, used 74519K [0x0000000080000000, 0x0000000100000000)
  region size 1024K, 29 young (29696K), 1 survivors (1024K)
 Metaspace       used 61931K, committed 63488K, reserved 1114112K
  class space    used 8610K, committed 9344K, reserved 1048576K
}
Event: 7.450 GC heap after
{Heap after GC invocations=17 (full 0):
 garbage-first heap   total 83968K, used 46713K [0x0000000080000000, 0x0000000100000000)
  region size 1024K, 3 young (3072K), 3 survivors (3072K)
 Metaspace       used 61931K, committed 63488K, reserved 1114112K
  class space    used 8610K, committed 9344K, reserved 1048576K
}
Event: 7.877 GC heap before
{Heap before GC invocations=17 (full 0):
 garbage-first heap   total 83968K, used 73337K [0x0000000080000000, 0x0000000100000000)
  region size 1024K, 30 young (30720K), 3 survivors (3072K)
 Metaspace       used 65689K, committed 67264K, reserved 1114112K
  class space    used 9175K, committed 9920K, reserved 1048576K
}
Event: 7.879 GC heap after
{Heap after GC invocations=18 (full 0):
 garbage-first heap   total 83968K, used 49227K [0x0000000080000000, 0x0000000100000000)
  region size 1024K, 4 young (4096K), 4 survivors (4096K)
 Metaspace       used 65689K, committed 67264K, reserved 1114112K
  class space    used 9175K, committed 9920K, reserved 1048576K
}
Event: 10.284 GC heap before
{Heap before GC invocations=19 (full 0):
 garbage-first heap   total 83968K, used 73803K [0x0000000080000000, 0x0000000100000000)
  region size 1024K, 28 young (28672K), 4 survivors (4096K)
 Metaspace       used 68631K, committed 70336K, reserved 1114112K
  class space    used 9663K, committed 10496K, reserved 1048576K
}
Event: 10.286 GC heap after
{Heap after GC invocations=20 (full 0):
 garbage-first heap   total 83968K, used 50818K [0x0000000080000000, 0x0000000100000000)
  region size 1024K, 2 young (2048K), 2 survivors (2048K)
 Metaspace       used 68631K, committed 70336K, reserved 1114112K
  class space    used 9663K, committed 10496K, reserved 1048576K
}

